<?xml version="1.0" encoding="UTF-8"?>
<!-- Generated by org.testng.reporters.JUnitReportReporter -->
<testsuite skipped="0" hostname="Admin-PC" name="JsonObject.JsonApiObj.JsonApitest" tests="1" failures="0" timestamp="28 May 2018 21:21:18 GMT" time="1.357" errors="0">
  <testcase name="apiTest" time="1.357" classname="JsonObject.JsonApiObj.JsonApitest"/>
</testsuite> <!-- JsonObject.JsonApiObj.JsonApitest -->
